#! /usr/bin/vvp
:ivl_version "12.0 (stable)";
:ivl_delay_selection "TYPICAL";
:vpi_time_precision - 12;
:vpi_module "/usr/lib/x86_64-linux-gnu/ivl/system.vpi";
:vpi_module "/usr/lib/x86_64-linux-gnu/ivl/vhdl_sys.vpi";
:vpi_module "/usr/lib/x86_64-linux-gnu/ivl/vhdl_textio.vpi";
:vpi_module "/usr/lib/x86_64-linux-gnu/ivl/v2005_math.vpi";
:vpi_module "/usr/lib/x86_64-linux-gnu/ivl/va_math.vpi";
:vpi_module "/usr/lib/x86_64-linux-gnu/ivl/v2009.vpi";
S_0x61cfb8c1fbb0 .scope package, "$unit" "$unit" 2 1;
 .timescale 0 0;
S_0x61cfb8c1fd40 .scope module, "tb_pc_imem" "tb_pc_imem" 3 3;
 .timescale -9 -12;
v0x61cfb8c39d90_0 .var "clk", 0 0;
v0x61cfb8c39e60_0 .net "instr", 31 0, L_0x61cfb8c3a540;  1 drivers
v0x61cfb8c39f30_0 .net "pc_curr", 31 0, v0x61cfb8c39210_0;  1 drivers
v0x61cfb8c3a050_0 .var "pc_next", 31 0;
v0x61cfb8c3a0f0_0 .var "rstn", 0 0;
E_0x61cfb8be5910 .event anyedge, v0x61cfb8c39210_0;
S_0x61cfb8c22410 .scope module, "uut_pc" "pc" 3 13, 4 4 0, S_0x61cfb8c1fd40;
 .timescale 0 0;
    .port_info 0 /INPUT 1 "clk";
    .port_info 1 /INPUT 1 "rstn";
    .port_info 2 /INPUT 32 "pc_next";
    .port_info 3 /OUTPUT 32 "pc_curr";
v0x61cfb8c22680_0 .net "clk", 0 0, v0x61cfb8c39d90_0;  1 drivers
v0x61cfb8c39210_0 .var "pc_curr", 31 0;
v0x61cfb8c392f0_0 .net "pc_next", 31 0, v0x61cfb8c3a050_0;  1 drivers
v0x61cfb8c393b0_0 .net "rstn", 0 0, v0x61cfb8c3a0f0_0;  1 drivers
E_0x61cfb8c1eb00 .event negedge, v0x61cfb8c393b0_0, v0x61cfb8c22680_0;
S_0x61cfb8c39520 .scope module, "uut_rom" "rom" 3 21, 5 1 0, S_0x61cfb8c1fd40;
 .timescale 0 0;
    .port_info 0 /INPUT 32 "addr";
    .port_info 1 /OUTPUT 32 "instr";
L_0x61cfb8c3a540 .functor BUFZ 32, L_0x61cfb8c3a1e0, C4<00000000000000000000000000000000>, C4<00000000000000000000000000000000>, C4<00000000000000000000000000000000>;
v0x61cfb8c39720_0 .net *"_ivl_0", 31 0, L_0x61cfb8c3a1e0;  1 drivers
v0x61cfb8c39820_0 .net *"_ivl_3", 7 0, L_0x61cfb8c3a2e0;  1 drivers
v0x61cfb8c39900_0 .net *"_ivl_4", 9 0, L_0x61cfb8c3a3b0;  1 drivers
L_0x7d8b7e09d018 .functor BUFT 1, C4<00>, C4<0>, C4<0>, C4<0>;
v0x61cfb8c399c0_0 .net *"_ivl_7", 1 0, L_0x7d8b7e09d018;  1 drivers
v0x61cfb8c39aa0_0 .net "addr", 31 0, v0x61cfb8c39210_0;  alias, 1 drivers
v0x61cfb8c39bb0_0 .net "instr", 31 0, L_0x61cfb8c3a540;  alias, 1 drivers
v0x61cfb8c39c70 .array "mem", 255 0, 31 0;
L_0x61cfb8c3a1e0 .array/port v0x61cfb8c39c70, L_0x61cfb8c3a3b0;
L_0x61cfb8c3a2e0 .part v0x61cfb8c39210_0, 2, 8;
L_0x61cfb8c3a3b0 .concat [ 8 2 0 0], L_0x61cfb8c3a2e0, L_0x7d8b7e09d018;
    .scope S_0x61cfb8c22410;
T_0 ;
    %wait E_0x61cfb8c1eb00;
    %load/vec4 v0x61cfb8c393b0_0;
    %nor/r;
    %flag_set/vec4 8;
    %jmp/0xz  T_0.0, 8;
    %pushi/vec4 0, 0, 32;
    %assign/vec4 v0x61cfb8c39210_0, 0;
    %jmp T_0.1;
T_0.0 ;
    %load/vec4 v0x61cfb8c392f0_0;
    %assign/vec4 v0x61cfb8c39210_0, 0;
T_0.1 ;
    %jmp T_0;
    .thread T_0;
    .scope S_0x61cfb8c39520;
T_1 ;
    %pushi/vec4 19, 0, 32;
    %ix/load 4, 0, 0;
    %flag_set/imm 4, 0;
    %store/vec4a v0x61cfb8c39c70, 4, 0;
    %pushi/vec4 1048723, 0, 32;
    %ix/load 4, 1, 0;
    %flag_set/imm 4, 0;
    %store/vec4a v0x61cfb8c39c70, 4, 0;
    %pushi/vec4 2097427, 0, 32;
    %ix/load 4, 2, 0;
    %flag_set/imm 4, 0;
    %store/vec4a v0x61cfb8c39c70, 4, 0;
    %pushi/vec4 2130355, 0, 32;
    %ix/load 4, 3, 0;
    %flag_set/imm 4, 0;
    %store/vec4a v0x61cfb8c39c70, 4, 0;
    %pushi/vec4 115, 0, 32;
    %ix/load 4, 4, 0;
    %flag_set/imm 4, 0;
    %store/vec4a v0x61cfb8c39c70, 4, 0;
    %end;
    .thread T_1;
    .scope S_0x61cfb8c1fd40;
T_2 ;
    %delay 5000, 0;
    %load/vec4 v0x61cfb8c39d90_0;
    %inv;
    %store/vec4 v0x61cfb8c39d90_0, 0, 1;
    %jmp T_2;
    .thread T_2;
    .scope S_0x61cfb8c1fd40;
T_3 ;
Ewait_0 .event/or E_0x61cfb8be5910, E_0x0;
    %wait Ewait_0;
    %load/vec4 v0x61cfb8c39f30_0;
    %addi 4, 0, 32;
    %store/vec4 v0x61cfb8c3a050_0, 0, 32;
    %jmp T_3;
    .thread T_3, $push;
    .scope S_0x61cfb8c1fd40;
T_4 ;
    %pushi/vec4 0, 0, 1;
    %store/vec4 v0x61cfb8c39d90_0, 0, 1;
    %pushi/vec4 0, 0, 1;
    %store/vec4 v0x61cfb8c3a0f0_0, 0, 1;
    %delay 10000, 0;
    %pushi/vec4 1, 0, 1;
    %store/vec4 v0x61cfb8c3a0f0_0, 0, 1;
    %delay 50000, 0;
    %vpi_call/w 3 38 "$finish" {0 0 0};
    %end;
    .thread T_4;
    .scope S_0x61cfb8c1fd40;
T_5 ;
    %vpi_call/w 3 43 "$monitor", "time=%0t | PC=%h | INSTR=%h", $time, v0x61cfb8c39f30_0, v0x61cfb8c39e60_0 {0 0 0};
    %vpi_call/w 3 44 "$dumpfile", "dump.vcd" {0 0 0};
    %vpi_call/w 3 45 "$dumpvars" {0 0 0};
    %end;
    .thread T_5;
# The file index is used to find the file name in the following table.
:file_names 6;
    "N/A";
    "<interactive>";
    "-";
    "tb_pc_imem.sv";
    "pc.sv";
    "rom.sv";
